<?xml version="1.0" encoding="UTF-8"?>
<!-- 
Copyright 2010-2014 Norconex Inc.

This file is part of Norconex Importer.

Norconex Importer is free software: you can redistribute it and/or modify
it under the terms of the GNU General Public License as published by
the Free Software Foundation, either version 3 of the License, or
(at your option) any later version.

Norconex Importer is distributed in the hope that it will be useful, 
but WITHOUT ANY WARRANTY; without even the implied warranty of 
MERCHANTABILITY or FITNESS FOR A PARTICULAR PURPOSE.  See the
GNU General Public License for more details.

You should have received a copy of the GNU General Public License
along with Norconex Importer. If not, see <http://www.gnu.org/licenses/>.
-->
<importer>

    <preParseHandlers>
      <tagger class="com.norconex.importer.handler.tagger.impl.ConstantTagger">
        <constant name="Author">Lewis Carroll</constant>
      </tagger>
      
      <!-- Should not trigger any transformation: -->
      <transformer class="com.norconex.importer.handler.transformer.impl.StripBetweenTransformer"
              inclusive="false" 
              caseSensitive="false" >
          <contentTypeRegex>text/doesNotExist</contentTypeRegex>
          <stripBetween>
              <start>potato</start>
              <end>carrot</end>
          </stripBetween>
      </transformer>

      <!-- Should trigger transformation: -->
      <transformer class="com.norconex.importer.handler.transformer.impl.StripAfterTransformer"
              inclusive="true" 
              caseSensitive="false" >
          <stripAfterRegex>&lt;p&gt;</stripAfterRegex>
      </transformer>

<!-- <filter class="..." />  --> 
    </preParseHandlers>

</importer>